# this file was generated by the following command(s):
#   /Users/ryuukouki/UTokyo/4S/ynk/ccg2lambda/candc-1.00/bin/candc --models /Users/ryuukouki/UTokyo/4S/ynk/ccg2lambda/candc-1.00/models --candc-printer xml --input fracas.xml_plain/fracas_142_ellipsis.tok

1 attempt nospan at B=0.075, K=20
1 attempt nospan at B=0.03, K=20
1 attempt nospan at B=0.01, K=20
1 attempt nospan at B=0.005, K=20
1 parsed at B=0.001, K=150
1 coverage 100%
1 stats 4.39445 171 212 comb 100 48 12 12
2 attempt nospan at B=0.075, K=20
2 parsed at B=0.03, K=20
2 coverage 100%
2 stats 2.19722 66 85 comb 20 3 4 3
3 attempt nospan at B=0.075, K=20
3 attempt nospan at B=0.03, K=20
3 attempt nospan at B=0.01, K=20
3 attempt nospan at B=0.005, K=20
3 parsed at B=0.001, K=150
3 coverage 100%
3 stats 4.39445 171 212 comb 100 48 12 12
