# this file was generated by the following command(s):
#   /Users/ryuukouki/UTokyo/4S/ynk/ccg2lambda/candc-1.00/bin/candc --models /Users/ryuukouki/UTokyo/4S/ynk/ccg2lambda/candc-1.00/models --candc-printer xml --input fracas.xml_plain/fracas_137_nominal_anaphora.tok

1 parsed at B=0.075, K=20
1 coverage 100%
1 stats 2.56495 76 96 comb 20 5 0 0
2 parsed at B=0.075, K=20
2 coverage 100%
2 stats 4.11087 196 233 comb 220 147 0 0
3 parsed at B=0.075, K=20
3 coverage 100%
3 stats 5.51343 282 359 comb 286 150 0 0
4 parsed at B=0.075, K=20
4 coverage 100%
4 stats 3.04452 247 282 comb 165 72 0 0
5 parsed at B=0.075, K=20
5 coverage 100%
5 stats 3.3673 145 158 comb 56 19 0 0
6 parsed at B=0.075, K=20
6 coverage 100%
6 stats 4.12713 383 426 comb 364 200 0 0
