# this file was generated by the following command(s):
#   /Users/ryuukouki/UTokyo/4S/ynk/ccg2lambda/candc-1.00/bin/candc --models /Users/ryuukouki/UTokyo/4S/ynk/ccg2lambda/candc-1.00/models --candc-printer xml --input fracas.xml_plain/fracas_189_ellipsis.tok

1 attempt nospan at B=0.075, K=20
1 attempt nospan at B=0.03, K=20
1 attempt nospan at B=0.01, K=20
1 attempt nospan at B=0.005, K=20
1 parsed at B=0.001, K=150
1 coverage 100%
1 stats 5.63835 534 681 comb 825 577 66 46
2 attempt nospan at B=0.075, K=20
2 attempt nospan at B=0.03, K=20
2 attempt nospan at B=0.01, K=20
2 attempt nospan at B=0.005, K=20
2 parsed at B=0.001, K=150
2 coverage 100%
2 stats 9.19999 1221 2164 comb 600 341 63 66
3 attempt nospan at B=0.075, K=20
3 attempt nospan at B=0.03, K=20
3 attempt nospan at B=0.01, K=20
3 attempt nospan at B=0.005, K=20
3 parsed at B=0.001, K=150
3 coverage 100%
3 stats 3.55535 115 167 comb 175 80 54 0
