WARNING:root:There is probably a problem in the typecheck resolution of expression _'clock(z2) with signature {"_'clock": e, 'z2': e}
WARNING:root:There is probably a problem in the typecheck resolution of expression (_four(z2) & _o(z2) & _'clock(z2)) with signature {'z2': e, '_four': <e,t>, '_o': <e,t>, "_'clock": e}
WARNING:root:There is probably a problem in the typecheck resolution of expression (_four(z2) & _o(z2) & _'clock(z2) & TrueP) with signature {'z2': e, '_four': <e,t>, '_o': <e,t>, "_'clock": e}
WARNING:root:There is probably a problem in the typecheck resolution of expression (_four(z2) & _o(z2) & _'clock(z2) & TrueP & _at(_john,z2)) with signature {'z2': e, '_four': <e,t>, '_o': <e,t>, "_'clock": e, '_john': e, '_at': <e,<e,t>>}
WARNING:root:There is probably a problem in the typecheck resolution of expression (_four(z2) & _o(z2) & _'clock(z2) & TrueP & _at(_john,z2) & _speak(_john)) with signature {'z2': e, '_four': <e,t>, '_o': <e,t>, "_'clock": e, '_john': e, '_at': <e,<e,t>>, '_speak': <e,t>}
WARNING:root:There is probably a problem in the typecheck resolution of expression (_four(z2) & _o(z2) & _'clock(z2) & TrueP & _at(_john,z2) & _speak(_john) & exists z1.((z1 = _mary) & TrueP & _to(_john,_mary))) with signature {'z2': e, '_four': <e,t>, '_o': <e,t>, "_'clock": e, '_john': e, '_at': <e,<e,t>>, '_speak': <e,t>, 'z1': e, '_mary': e, '_to': <e,<e,t>>}
WARNING:root:There is probably a problem in the typecheck resolution of expression exists z2.(_four(z2) & _o(z2) & _'clock(z2) & TrueP & _at(_john,z2) & _speak(_john) & exists z1.((z1 = _mary) & TrueP & _to(_john,_mary))) with signature {'z2': e, '_four': <e,t>, '_o': <e,t>, "_'clock": e, '_john': e, '_at': <e,<e,t>>, '_speak': <e,t>, 'z1': e, '_mary': e, '_to': <e,<e,t>>}
WARNING:root:There is probably a problem in the typecheck resolution of expression ((x = _john) & TrueP & exists z2.(_four(z2) & _o(z2) & _'clock(z2) & TrueP & _at(_john,z2) & _speak(_john) & exists z1.((z1 = _mary) & TrueP & _to(_john,_mary)))) with signature {'x': e, '_john': e, 'z2': e, '_four': <e,t>, '_o': <e,t>, "_'clock": e, '_at': <e,<e,t>>, '_speak': <e,t>, 'z1': e, '_mary': e, '_to': <e,<e,t>>}
WARNING:root:There is probably a problem in the typecheck resolution of expression exists x.((x = _john) & TrueP & exists z2.(_four(z2) & _o(z2) & _'clock(z2) & TrueP & _at(_john,z2) & _speak(_john) & exists z1.((z1 = _mary) & TrueP & _to(_john,_mary)))) with signature {'x': e, '_john': e, 'z2': e, '_four': <e,t>, '_o': <e,t>, "_'clock": e, '_at': <e,<e,t>>, '_speak': <e,t>, 'z1': e, '_mary': e, '_to': <e,<e,t>>}
WARNING:root:There is probably a problem in the typecheck resolution of expression _'clock(z4) with signature {"_'clock": e, 'z4': e}
WARNING:root:There is probably a problem in the typecheck resolution of expression (_five(z4) & _o(z4) & _'clock(z4)) with signature {'z4': e, '_five': <e,t>, '_o': <e,t>, "_'clock": e}
WARNING:root:There is probably a problem in the typecheck resolution of expression (_five(z4) & _o(z4) & _'clock(z4) & TrueP) with signature {'z4': e, '_five': <e,t>, '_o': <e,t>, "_'clock": e}
WARNING:root:There is probably a problem in the typecheck resolution of expression (_five(z4) & _o(z4) & _'clock(z4) & TrueP & _at(_bill,z4)) with signature {'z4': e, '_five': <e,t>, '_o': <e,t>, "_'clock": e, '_bill': e, '_at': <e,<e,t>>}
WARNING:root:There is probably a problem in the typecheck resolution of expression (_five(z4) & _o(z4) & _'clock(z4) & TrueP & _at(_bill,z4) & _do(_bill)) with signature {'z4': e, '_five': <e,t>, '_o': <e,t>, "_'clock": e, '_bill': e, '_at': <e,<e,t>>, '_do': <e,t>}
WARNING:root:There is probably a problem in the typecheck resolution of expression exists z4.(_five(z4) & _o(z4) & _'clock(z4) & TrueP & _at(_bill,z4) & _do(_bill)) with signature {'z4': e, '_five': <e,t>, '_o': <e,t>, "_'clock": e, '_bill': e, '_at': <e,<e,t>>, '_do': <e,t>}
WARNING:root:There is probably a problem in the typecheck resolution of expression ((x = _bill) & TrueP & exists z4.(_five(z4) & _o(z4) & _'clock(z4) & TrueP & _at(_bill,z4) & _do(_bill))) with signature {'x': e, '_bill': e, 'z4': e, '_five': <e,t>, '_o': <e,t>, "_'clock": e, '_at': <e,<e,t>>, '_do': <e,t>}
WARNING:root:There is probably a problem in the typecheck resolution of expression exists x.((x = _bill) & TrueP & exists z4.(_five(z4) & _o(z4) & _'clock(z4) & TrueP & _at(_bill,z4) & _do(_bill))) with signature {'x': e, '_bill': e, 'z4': e, '_five': <e,t>, '_o': <e,t>, "_'clock": e, '_at': <e,<e,t>>, '_do': <e,t>}
WARNING:root:There is probably a problem in the typecheck resolution of expression _and(exists x.((x = _bill) & TrueP & exists z4.(_five(z4) & _o(z4) & _'clock(z4) & TrueP & _at(_bill,z4) & _do(_bill)))) with signature {'_and': e, 'x': e, '_bill': e, 'z4': e, '_five': <e,t>, '_o': <e,t>, "_'clock": e, '_at': <e,<e,t>>, '_do': <e,t>}
WARNING:root:There is probably a problem in the typecheck resolution of expression _'clock(z7) with signature {"_'clock": e, 'z7': e}
WARNING:root:There is probably a problem in the typecheck resolution of expression (_five(z7) & _o(z7) & _'clock(z7)) with signature {'z7': e, '_five': <e,t>, '_o': <e,t>, "_'clock": e}
WARNING:root:There is probably a problem in the typecheck resolution of expression (_five(z7) & _o(z7) & _'clock(z7) & TrueP) with signature {'z7': e, '_five': <e,t>, '_o': <e,t>, "_'clock": e}
WARNING:root:There is probably a problem in the typecheck resolution of expression (_five(z7) & _o(z7) & _'clock(z7) & TrueP & _at(_bill,z7)) with signature {'z7': e, '_five': <e,t>, '_o': <e,t>, "_'clock": e, '_bill': e, '_at': <e,<e,t>>}
WARNING:root:There is probably a problem in the typecheck resolution of expression (_five(z7) & _o(z7) & _'clock(z7) & TrueP & _at(_bill,z7) & _speak(_bill)) with signature {'z7': e, '_five': <e,t>, '_o': <e,t>, "_'clock": e, '_bill': e, '_at': <e,<e,t>>, '_speak': <e,t>}
WARNING:root:There is probably a problem in the typecheck resolution of expression (_five(z7) & _o(z7) & _'clock(z7) & TrueP & _at(_bill,z7) & _speak(_bill) & exists z6.((z6 = _mary) & TrueP & _to(_bill,_mary))) with signature {'z7': e, '_five': <e,t>, '_o': <e,t>, "_'clock": e, '_bill': e, '_at': <e,<e,t>>, '_speak': <e,t>, 'z6': e, '_mary': e, '_to': <e,<e,t>>}
WARNING:root:There is probably a problem in the typecheck resolution of expression exists z7.(_five(z7) & _o(z7) & _'clock(z7) & TrueP & _at(_bill,z7) & _speak(_bill) & exists z6.((z6 = _mary) & TrueP & _to(_bill,_mary))) with signature {'z7': e, '_five': <e,t>, '_o': <e,t>, "_'clock": e, '_bill': e, '_at': <e,<e,t>>, '_speak': <e,t>, 'z6': e, '_mary': e, '_to': <e,<e,t>>}
WARNING:root:There is probably a problem in the typecheck resolution of expression ((x = _bill) & TrueP & exists z7.(_five(z7) & _o(z7) & _'clock(z7) & TrueP & _at(_bill,z7) & _speak(_bill) & exists z6.((z6 = _mary) & TrueP & _to(_bill,_mary)))) with signature {'x': e, '_bill': e, 'z7': e, '_five': <e,t>, '_o': <e,t>, "_'clock": e, '_at': <e,<e,t>>, '_speak': <e,t>, 'z6': e, '_mary': e, '_to': <e,<e,t>>}
WARNING:root:There is probably a problem in the typecheck resolution of expression exists x.((x = _bill) & TrueP & exists z7.(_five(z7) & _o(z7) & _'clock(z7) & TrueP & _at(_bill,z7) & _speak(_bill) & exists z6.((z6 = _mary) & TrueP & _to(_bill,_mary)))) with signature {'x': e, '_bill': e, 'z7': e, '_five': <e,t>, '_o': <e,t>, "_'clock": e, '_at': <e,<e,t>>, '_speak': <e,t>, 'z6': e, '_mary': e, '_to': <e,<e,t>>}
